    1           0 
    2           0 
    3           0 
    4           0 
    5           0 
    6           0 
    7           0 
    8           0 
    9           0 
   10           0 
   11           0 
   12           1 
   13           1 
   14           0 
   15           2 
   16           0 
   17           3 
   18           1 
   19           0 
   20           0 
   21           1 
   22           1 
   23           0 
   24           0 
   25           1 
   26           1 
   27           0 
   28           0 
   29           0 
   30           1 
   31           0 
   32           0 
   33           0 
   34           0 
   35           2 
   36           1 
   37           1 
   38           2 
   39           0 
   40           1 
   41           2 
   42           3 
   43           4 
   44           6 
   45           8 
   46          10 
   47          11 
   48          25 
   49          27 
   50          40 
   51          44 
   52          53 
   53          39 
   54          61 
   55          52 
   56          51 
   57          45 
   58          42 
   59          35 
   60          28 
   61          37 
   62          28 
   63          27 
   64          32 
   65          14 
   66          18 
   67          17 
   68          16 
   69          11 
   70          12 
   71          14 
   72          13 
   73           8 
   74           6 
   75          11 
   76          12 
   77          11 
   78           9 
   79           9 
   80           6 
   81           9 
   82           6 
   83           6 
   84           0 
   85           9 
   86           2 
   87           7 
   88           4 
   89           2 
   90           6 
   91           4 
   92           3 
   93           5 
   94           3 
   95           3 
   96           7 
   97           3 
   98           4 
   99           8 
  100           5 
  101           4 
  102           7 
  103           1 
  104           3 
  105           3 
  106           3 
  107           8 
  108           1 
  109           3 
  110           3 
  111           2 
  112           1 
  113           3 
  114           1 
  115           4 
  116           4 
  117           5 
  118           4 
  119           2 
  120           1 
  121           3 
  122           2 
  123           1 
  124           2 
  125           1 
  126           3 
  127           0 
  128           3 
  129           2 
  130           3 
  131           2 
  132           1 
  133           3 
  134           3 
  135           3 
  136           0 
  137           2 
  138           2 
  139           6 
  140           4 
  141           3 
  142           0 
  143           1 
  144           1 
  145           3 
  146           0 
  147           1 
  148           1 
  149           1 
  150           4 
  151           3 
  152           0 
  153           1 
  154           2 
  155           2 
  156           0 
  157           0 
  158           2 
  159           0 
  160           0 
  161           0 
  162           1 
  163           0 
  164           2 
  165           4 
  166           0 
  167           0 
  168           1 
  169           1 
  170           0 
  171           2 
  172           1 
  173           1 
  174           1 
  175           1 
  176           2 
  177           1 
  178           0 
  179           0 
  180           2 
  181           0 
  182           0 
  183           2 
  184           2 
  185           0 
  186           0 
  187           1 
  188           1 
  189           0 
  190           0 
  191           1 
  192           2 
  193           0 
  194           2 
  195           3 
  196           4 
  197           0 
  198           1 
  199           0 
  200           1 
  201           1 
  202           0 
  203           0 
  204           0 
  205           4 
  206           2 
  207           2 
  208           1 
  209           1 
  210           0 
  211           0 
  212           0 
  213           1 
  214           1 
  215           0 
  216           0 
  217           0 
  218           0 
  219           0 
  220           2 
  221           0 
  222           1 
  223           0 
  224           2 
  225           1 
  226           1 
  227           1 
  228           0 
  229           0 
  230           0 
  231           1 
  232           0 
  233           0 
  234           0 
  235           0 
  236           1 
  237           0 
  238           0 
  239           1 
  240           0 
  241           1 
  242           1 
  243           2 
  244           0 
  245           0 
  246           0 
  247           1 
  248           0 
  249           2 
  250           3 
  251           1 
  252           1 
  253           1 
  254           0 
  255           1 
  256           2 
  257           0 
  258           1 
  259           0 
  260           0 
  261           1 
  262           1 
  263           1 
  264           0 
  265           0 
  266           0 
  267           0 
  268           0 
  269           0 
  270           0 
  271           1 
  272           2 
  273           1 
  274           2 
  275           0 
  276           0 
  277           1 
  278           1 
  279           0 
  280           1 
  281           1 
  282           1 
  283           1 
  284           0 
  285           1 
  286           1 
  287           0 
  288           0 
  289           3 
  290           1 
  291           1 
  292           1 
  293           1 
  294           0 
  295           2 
  296           1 
  297           2 
  298           0 
  299           3 
  300           1 
  301           2 
  302           1 
  303           1 
  304           0 
  305           0 
  306           0 
  307           1 
  308           1 
  309           1 
  310           1 
  311           0 
  312           2 
  313           0 
  314           1 
  315           2 
  316           2 
  317           0 
  318           0 
  319           0 
  320           1 
  321           0 
  322           0 
  323           1 
  324           2 
  325           0 
  326           0 
  327           0 
  328           0 
  329           1 
  330           0 
  331           0 
  332           0 
  333           0 
  334           2 
  335           0 
  336           0 
  337           1 
  338           2 
  339           0 
  340           0 
  341           1 
  342           2 
  343           0 
  344           0 
  345           0 
  346           0 
  347           0 
  348           0 
  349           0 
  350           0 
  351           1 
  352           1 
  353           1 
  354           1 
  355           1 
  356           1 
  357           2 
  358           2 
  359           0 
  360           0 
  361           1 
  362           1 
  363           1 
  364           2 
  365           1 
  366           0 
  367           0 
  368           1 
  369           1 
  370           1 
  371           0 
  372           1 
  373           0 
  374           1 
  375           0 
  376           1 
  377           0 
  378           1 
  379           2 
  380           0 
  381           0 
  382           0 
  383           4 
  384           1 
  385           1 
  386           2 
  387           1 
  388           0 
  389           0 
  390           0 
  391           0 
  392           2 
  393           0 
  394           1 
  395           2 
  396           0 
  397           0 
  398           0 
  399           1 
  400           0 
  401           2 
  402           3 
  403           0 
  404           0 
  405           1 
  406           0 
  407           0 
  408           2 
  409           1 
  410           1 
  411           2 
  412           0 
  413           1 
  414           0 
  415           1 
  416           1 
  417           0 
  418           0 
  419           0 
  420           1 
  421           0 
  422           0 
  423           1 
  424           1 
  425           2 
  426           0 
  427           5 
  428           0 
  429           2 
  430           2 
  431           2 
  432           2 
  433           1 
  434           2 
  435           0 
  436           0 
  437           1 
  438           0 
  439           0 
  440           0 
  441           0 
  442           2 
  443           1 
  444           0 
  445           1 
  446           1 
  447           1 
  448           0 
  449           0 
  450           0 
  451           0 
  452           1 
  453           0 
  454           0 
  455           0 
  456           1 
  457           0 
  458           0 
  459           2 
  460           1 
  461           0 
  462           2 
  463           0 
  464           0 
  465           0 
  466           1 
  467           1 
  468           0 
  469           1 
  470           1 
  471           2 
  472           1 
  473           3 
  474           0 
  475           0 
  476           1 
  477           2 
  478           2 
  479           1 
  480           0 
  481           0 
  482           1 
  483           1 
  484           1 
  485           1 
  486           1 
  487           0 
  488           0 
  489           0 
  490           0 
  491           0 
  492           1 
  493           1 
  494           2 
  495           0 
  496           0 
  497           0 
  498           0 
  499           0 
  500           0 
  501           0 
  502           0 
  503           0 
  504           0 
  505           0 
  506           0 
  507           0 
  508           0 
  509           0 
  510           0 
  511           0 
  512           0 
