    1           0 
    2           0 
    3           0 
    4           0 
    5           0 
    6           0 
    7           0 
    8           0 
    9           0 
   10           0 
   11           0 
   12           1 
   13           2 
   14           1 
   15           2 
   16           2 
   17           0 
   18           0 
   19           1 
   20           0 
   21           0 
   22           2 
   23           1 
   24           1 
   25           1 
   26           3 
   27           1 
   28           0 
   29           2 
   30           1 
   31           0 
   32           0 
   33           0 
   34           0 
   35           0 
   36           0 
   37           1 
   38           1 
   39           1 
   40           3 
   41           1 
   42           1 
   43           2 
   44           2 
   45           0 
   46           4 
   47           4 
   48           5 
   49           6 
   50           7 
   51          20 
   52          22 
   53          31 
   54          37 
   55          40 
   56          52 
   57          47 
   58          58 
   59          52 
   60          60 
   61          57 
   62          35 
   63          40 
   64          29 
   65          38 
   66          30 
   67          31 
   68          20 
   69          16 
   70          16 
   71          16 
   72          25 
   73          10 
   74           9 
   75          12 
   76          20 
   77           4 
   78           5 
   79           5 
   80          11 
   81           8 
   82          12 
   83           5 
   84           7 
   85          10 
   86           7 
   87           6 
   88           7 
   89           9 
   90           1 
   91           5 
   92           5 
   93           4 
   94           6 
   95           4 
   96           2 
   97           4 
   98           3 
   99           1 
  100           5 
  101           9 
  102           5 
  103           7 
  104           8 
  105           5 
  106           5 
  107           2 
  108           4 
  109           6 
  110           2 
  111           1 
  112           6 
  113           3 
  114           4 
  115           2 
  116           3 
  117           4 
  118           1 
  119           2 
  120           3 
  121           0 
  122           3 
  123           3 
  124           1 
  125           6 
  126           0 
  127           1 
  128           1 
  129           2 
  130           3 
  131           3 
  132           3 
  133           4 
  134           5 
  135           2 
  136           4 
  137           3 
  138           2 
  139           0 
  140           0 
  141           2 
  142           4 
  143           2 
  144           1 
  145           1 
  146           0 
  147           3 
  148           2 
  149           2 
  150           0 
  151           3 
  152           1 
  153           0 
  154           0 
  155           2 
  156           2 
  157           0 
  158           2 
  159           1 
  160           4 
  161           3 
  162           0 
  163           0 
  164           1 
  165           0 
  166           1 
  167           0 
  168           2 
  169           0 
  170           0 
  171           0 
  172           0 
  173           3 
  174           0 
  175           2 
  176           0 
  177           1 
  178           2 
  179           0 
  180           0 
  181           1 
  182           0 
  183           1 
  184           0 
  185           1 
  186           3 
  187           2 
  188           2 
  189           3 
  190           2 
  191           3 
  192           0 
  193           0 
  194           1 
  195           0 
  196           1 
  197           0 
  198           1 
  199           1 
  200           0 
  201           2 
  202           1 
  203           0 
  204           0 
  205           2 
  206           0 
  207           0 
  208           0 
  209           0 
  210           0 
  211           2 
  212           3 
  213           2 
  214           3 
  215           1 
  216           1 
  217           0 
  218           1 
  219           2 
  220           0 
  221           0 
  222           1 
  223           0 
  224           1 
  225           1 
  226           0 
  227           2 
  228           1 
  229           1 
  230           1 
  231           2 
  232           0 
  233           2 
  234           1 
  235           0 
  236           0 
  237           2 
  238           0 
  239           0 
  240           1 
  241           0 
  242           2 
  243           1 
  244           1 
  245           1 
  246           3 
  247           2 
  248           2 
  249           1 
  250           3 
  251           2 
  252           1 
  253           1 
  254           2 
  255           0 
  256           0 
  257           0 
  258           1 
  259           1 
  260           0 
  261           1 
  262           0 
  263           1 
  264           0 
  265           0 
  266           0 
  267           1 
  268           2 
  269           0 
  270           0 
  271           0 
  272           2 
  273           0 
  274           0 
  275           1 
  276           0 
  277           0 
  278           0 
  279           0 
  280           2 
  281           2 
  282           1 
  283           3 
  284           0 
  285           0 
  286           0 
  287           0 
  288           1 
  289           0 
  290           2 
  291           1 
  292           1 
  293           1 
  294           1 
  295           1 
  296           0 
  297           1 
  298           1 
  299           0 
  300           1 
  301           0 
  302           0 
  303           0 
  304           0 
  305           0 
  306           0 
  307           2 
  308           2 
  309           1 
  310           0 
  311           2 
  312           2 
  313           2 
  314           1 
  315           2 
  316           1 
  317           0 
  318           1 
  319           0 
  320           1 
  321           0 
  322           2 
  323           0 
  324           2 
  325           0 
  326           1 
  327           0 
  328           1 
  329           2 
  330           1 
  331           0 
  332           4 
  333           1 
  334           1 
  335           1 
  336           0 
  337           0 
  338           1 
  339           2 
  340           2 
  341           0 
  342           0 
  343           0 
  344           0 
  345           1 
  346           0 
  347           2 
  348           0 
  349           1 
  350           0 
  351           0 
  352           0 
  353           0 
  354           0 
  355           1 
  356           1 
  357           1 
  358           0 
  359           0 
  360           0 
  361           1 
  362           2 
  363           0 
  364           0 
  365           2 
  366           4 
  367           0 
  368           0 
  369           1 
  370           2 
  371           0 
  372           1 
  373           1 
  374           0 
  375           2 
  376           0 
  377           1 
  378           2 
  379           1 
  380           0 
  381           0 
  382           0 
  383           3 
  384           1 
  385           2 
  386           1 
  387           1 
  388           2 
  389           1 
  390           0 
  391           0 
  392           1 
  393           0 
  394           0 
  395           1 
  396           0 
  397           0 
  398           0 
  399           1 
  400           0 
  401           0 
  402           0 
  403           0 
  404           2 
  405           2 
  406           1 
  407           1 
  408           2 
  409           0 
  410           1 
  411           1 
  412           1 
  413           1 
  414           1 
  415           1 
  416           0 
  417           1 
  418           0 
  419           2 
  420           1 
  421           2 
  422           0 
  423           0 
  424           0 
  425           1 
  426           3 
  427           0 
  428           2 
  429           2 
  430           0 
  431           1 
  432           1 
  433           0 
  434           2 
  435           0 
  436           1 
  437           2 
  438           1 
  439           0 
  440           0 
  441           0 
  442           1 
  443           0 
  444           0 
  445           2 
  446           2 
  447           1 
  448           2 
  449           1 
  450           2 
  451           1 
  452           0 
  453           1 
  454           1 
  455           0 
  456           1 
  457           2 
  458           2 
  459           1 
  460           1 
  461           1 
  462           2 
  463           0 
  464           1 
  465           0 
  466           0 
  467           1 
  468           0 
  469           2 
  470           0 
  471           3 
  472           1 
  473           0 
  474           0 
  475           0 
  476           0 
  477           1 
  478           2 
  479           1 
  480           0 
  481           0 
  482           2 
  483           0 
  484           2 
  485           2 
  486           1 
  487           1 
  488           1 
  489           0 
  490           0 
  491           0 
  492           0 
  493           2 
  494           2 
  495           0 
  496           0 
  497           0 
  498           0 
  499           0 
  500           0 
  501           0 
  502           0 
  503           0 
  504           0 
  505           0 
  506           0 
  507           0 
  508           0 
  509           0 
  510           0 
  511           0 
  512           0 
