    1           0 
    2           0 
    3           0 
    4           0 
    5           0 
    6           0 
    7           0 
    8           0 
    9           0 
   10           0 
   11           0 
   12           1 
   13           0 
   14           0 
   15           1 
   16           1 
   17           1 
   18           0 
   19           0 
   20           0 
   21           0 
   22           1 
   23           0 
   24           0 
   25           0 
   26           0 
   27           0 
   28           0 
   29           0 
   30           1 
   31           0 
   32           0 
   33           0 
   34           0 
   35           0 
   36           0 
   37           0 
   38           0 
   39           1 
   40           1 
   41           0 
   42           0 
   43           0 
   44           1 
   45           0 
   46           1 
   47           0 
   48           1 
   49           1 
   50           0 
   51           0 
   52           2 
   53           2 
   54           2 
   55           9 
   56           5 
   57          14 
   58          18 
   59          13 
   60          16 
   61          14 
   62          15 
   63          18 
   64          19 
   65          18 
   66          16 
   67          14 
   68          14 
   69          11 
   70          10 
   71          11 
   72          13 
   73          11 
   74           7 
   75           5 
   76           6 
   77           5 
   78           5 
   79           3 
   80           2 
   81           5 
   82           5 
   83           4 
   84           3 
   85           2 
   86           1 
   87           5 
   88           3 
   89           2 
   90           4 
   91           4 
   92           2 
   93           2 
   94           1 
   95           4 
   96           2 
   97           2 
   98           3 
   99           7 
  100           3 
  101           2 
  102           1 
  103           1 
  104           3 
  105           3 
  106           0 
  107           0 
  108           3 
  109           0 
  110           3 
  111           2 
  112           1 
  113           1 
  114           0 
  115           0 
  116           0 
  117           0 
  118           0 
  119           1 
  120           1 
  121           0 
  122           2 
  123           3 
  124           0 
  125           0 
  126           1 
  127           3 
  128           2 
  129           3 
  130           2 
  131           1 
  132           1 
  133           1 
  134           2 
  135           1 
  136           0 
  137           0 
  138           0 
  139           1 
  140           0 
  141           0 
  142           1 
  143           1 
  144           0 
  145           0 
  146           1 
  147           1 
  148           1 
  149           0 
  150           0 
  151           2 
  152           2 
  153           0 
  154           2 
  155           1 
  156           1 
  157           1 
  158           2 
  159           0 
  160           2 
  161           0 
  162           1 
  163           0 
  164           1 
  165           1 
  166           0 
  167           0 
  168           4 
  169           1 
  170           3 
  171           0 
  172           1 
  173           0 
  174           1 
  175           0 
  176           0 
  177           0 
  178           0 
  179           0 
  180           0 
  181           0 
  182           0 
  183           0 
  184           2 
  185           0 
  186           1 
  187           0 
  188           2 
  189           1 
  190           0 
  191           3 
  192           0 
  193           1 
  194           0 
  195           1 
  196           1 
  197           0 
  198           0 
  199           0 
  200           0 
  201           1 
  202           0 
  203           1 
  204           0 
  205           0 
  206           0 
  207           0 
  208           0 
  209           2 
  210           0 
  211           0 
  212           0 
  213           0 
  214           0 
  215           1 
  216           0 
  217           0 
  218           0 
  219           3 
  220           0 
  221           0 
  222           1 
  223           1 
  224           1 
  225           0 
  226           0 
  227           0 
  228           0 
  229           0 
  230           0 
  231           0 
  232           1 
  233           1 
  234           0 
  235           1 
  236           0 
  237           0 
  238           0 
  239           1 
  240           0 
  241           1 
  242           0 
  243           0 
  244           0 
  245           0 
  246           1 
  247           1 
  248           0 
  249           0 
  250           0 
  251           0 
  252           2 
  253           0 
  254           0 
  255           0 
  256           0 
  257           0 
  258           0 
  259           0 
  260           0 
  261           0 
  262           0 
  263           1 
  264           0 
  265           0 
  266           0 
  267           0 
  268           0 
  269           0 
  270           0 
  271           1 
  272           0 
  273           0 
  274           0 
  275           0 
  276           0 
  277           1 
  278           1 
  279           0 
  280           0 
  281           0 
  282           0 
  283           1 
  284           0 
  285           0 
  286           0 
  287           2 
  288           0 
  289           0 
  290           0 
  291           0 
  292           0 
  293           0 
  294           0 
  295           0 
  296           0 
  297           0 
  298           1 
  299           0 
  300           1 
  301           1 
  302           0 
  303           0 
  304           1 
  305           0 
  306           1 
  307           0 
  308           0 
  309           0 
  310           0 
  311           0 
  312           0 
  313           0 
  314           0 
  315           0 
  316           0 
  317           0 
  318           2 
  319           1 
  320           0 
  321           0 
  322           1 
  323           0 
  324           0 
  325           1 
  326           1 
  327           0 
  328           0 
  329           0 
  330           0 
  331           1 
  332           1 
  333           0 
  334           1 
  335           1 
  336           1 
  337           0 
  338           0 
  339           0 
  340           0 
  341           0 
  342           1 
  343           0 
  344           0 
  345           0 
  346           0 
  347           1 
  348           1 
  349           0 
  350           0 
  351           0 
  352           0 
  353           0 
  354           0 
  355           0 
  356           1 
  357           0 
  358           0 
  359           1 
  360           0 
  361           0 
  362           1 
  363           0 
  364           1 
  365           0 
  366           0 
  367           1 
  368           0 
  369           1 
  370           1 
  371           0 
  372           1 
  373           0 
  374           0 
  375           2 
  376           0 
  377           1 
  378           0 
  379           1 
  380           1 
  381           1 
  382           1 
  383           1 
  384           0 
  385           4 
  386           0 
  387           0 
  388           0 
  389           0 
  390           1 
  391           0 
  392           0 
  393           0 
  394           1 
  395           0 
  396           1 
  397           1 
  398           1 
  399           0 
  400           0 
  401           1 
  402           1 
  403           0 
  404           0 
  405           0 
  406           1 
  407           0 
  408           1 
  409           0 
  410           0 
  411           0 
  412           0 
  413           0 
  414           0 
  415           0 
  416           0 
  417           0 
  418           0 
  419           0 
  420           0 
  421           0 
  422           1 
  423           0 
  424           0 
  425           0 
  426           0 
  427           0 
  428           0 
  429           0 
  430           0 
  431           0 
  432           1 
  433           0 
  434           0 
  435           0 
  436           0 
  437           0 
  438           0 
  439           0 
  440           1 
  441           0 
  442           0 
  443           2 
  444           0 
  445           1 
  446           0 
  447           0 
  448           0 
  449           1 
  450           0 
  451           1 
  452           0 
  453           1 
  454           0 
  455           0 
  456           1 
  457           0 
  458           0 
  459           0 
  460           0 
  461           0 
  462           1 
  463           0 
  464           0 
  465           0 
  466           1 
  467           0 
  468           1 
  469           0 
  470           0 
  471           0 
  472           0 
  473           0 
  474           0 
  475           1 
  476           1 
  477           1 
  478           2 
  479           1 
  480           1 
  481           2 
  482           0 
  483           1 
  484           0 
  485           0 
  486           0 
  487           1 
  488           0 
  489           0 
  490           1 
  491           0 
  492           0 
  493           0 
  494           0 
  495           0 
  496           0 
  497           0 
  498           0 
  499           0 
  500           0 
  501           0 
  502           0 
  503           0 
  504           0 
  505           0 
  506           0 
  507           0 
  508           0 
  509           0 
  510           0 
  511           0 
  512           0 
