    1           0 
    2           0 
    3           0 
    4           0 
    5           0 
    6           0 
    7           0 
    8           0 
    9           0 
   10           0 
   11           0 
   12           0 
   13           0 
   14           0 
   15           0 
   16           0 
   17           0 
   18           0 
   19           0 
   20           1 
   21           1 
   22           0 
   23           2 
   24           3 
   25           2 
   26           2 
   27           6 
   28           7 
   29          12 
   30          30 
   31          35 
   32          35 
   33          52 
   34          58 
   35          60 
   36          57 
   37          61 
   38          59 
   39          57 
   40          45 
   41          55 
   42          48 
   43          32 
   44          29 
   45          36 
   46          33 
   47          27 
   48          21 
   49          21 
   50          14 
   51          16 
   52          18 
   53          10 
   54           8 
   55          15 
   56          13 
   57          10 
   58          10 
   59           7 
   60           9 
   61           3 
   62           5 
   63           8 
   64           8 
   65           5 
   66           9 
   67           2 
   68           6 
   69           6 
   70           5 
   71           3 
   72           3 
   73          10 
   74           1 
   75           2 
   76           7 
   77           5 
   78           3 
   79           5 
   80           7 
   81           3 
   82           2 
   83           3 
   84           7 
   85           6 
   86           0 
   87           4 
   88           6 
   89           4 
   90           4 
   91           3 
   92           3 
   93           0 
   94           4 
   95           3 
   96           1 
   97           3 
   98           1 
   99           0 
  100           2 
  101           0 
  102           2 
  103           3 
  104           3 
  105           2 
  106           4 
  107           4 
  108           1 
  109           2 
  110           0 
  111           1 
  112           3 
  113           1 
  114           3 
  115           0 
  116           1 
  117           2 
  118           4 
  119           3 
  120           2 
  121           0 
  122           2 
  123           1 
  124           0 
  125           1 
  126           1 
  127           1 
  128           1 
  129           2 
  130           1 
  131           2 
  132           1 
  133           0 
  134           0 
  135           2 
  136           1 
  137           1 
  138           0 
  139           1 
  140           0 
  141           1 
  142           0 
  143           2 
  144           0 
  145           0 
  146           1 
  147           1 
  148           2 
  149           0 
  150           0 
  151           0 
  152           0 
  153           0 
  154           1 
  155           1 
  156           1 
  157           0 
  158           0 
  159           1 
  160           0 
  161           0 
  162           0 
  163           2 
  164           0 
  165           0 
  166           0 
  167           1 
  168           1 
  169           1 
  170           0 
  171           0 
  172           1 
  173           1 
  174           1 
  175           2 
  176           1 
  177           2 
  178           0 
  179           0 
  180           1 
  181           2 
  182           3 
  183           0 
  184           1 
  185           1 
  186           0 
  187           0 
  188           0 
  189           1 
  190           0 
  191           0 
  192           0 
  193           0 
  194           0 
  195           0 
  196           0 
  197           0 
  198           0 
  199           0 
  200           1 
  201           0 
  202           0 
  203           0 
  204           0 
  205           0 
  206           0 
  207           0 
  208           0 
  209           0 
  210           0 
  211           0 
  212           0 
  213           1 
  214           0 
  215           0 
  216           0 
  217           0 
  218           0 
  219           1 
  220           0 
  221           0 
  222           0 
  223           1 
  224           0 
  225           0 
  226           0 
  227           0 
  228           0 
  229           0 
  230           0 
  231           1 
  232           0 
  233           0 
  234           0 
  235           0 
  236           0 
  237           0 
  238           0 
  239           1 
  240           0 
  241           0 
  242           1 
  243           0 
  244           0 
  245           0 
  246           0 
  247           1 
  248           0 
  249           0 
  250           1 
  251           0 
  252           0 
  253           0 
  254           1 
  255           0 
  256           0 
  257           0 
  258           0 
  259           0 
  260           0 
  261           0 
  262           0 
  263           0 
  264           0 
  265           0 
  266           1 
  267           0 
  268           0 
  269           0 
  270           0 
  271           1 
  272           0 
  273           0 
  274           0 
  275           0 
  276           1 
  277           0 
  278           0 
  279           1 
  280           0 
  281           0 
  282           0 
  283           0 
  284           0 
  285           0 
  286           0 
  287           1 
  288           0 
  289           0 
  290           0 
  291           1 
  292           0 
  293           0 
  294           0 
  295           0 
  296           0 
  297           1 
  298           0 
  299           0 
  300           0 
  301           0 
  302           0 
  303           0 
  304           0 
  305           1 
  306           0 
  307           1 
  308           0 
  309           0 
  310           0 
  311           0 
  312           0 
  313           1 
  314           0 
  315           0 
  316           0 
  317           0 
  318           0 
  319           0 
  320           0 
  321           0 
  322           0 
  323           0 
  324           0 
  325           1 
  326           1 
  327           1 
  328           0 
  329           0 
  330           0 
  331           0 
  332           0 
  333           0 
  334           0 
  335           0 
  336           0 
  337           0 
  338           0 
  339           0 
  340           0 
  341           0 
  342           0 
  343           0 
  344           0 
  345           0 
  346           0 
  347           0 
  348           0 
  349           0 
  350           0 
  351           0 
  352           0 
  353           0 
  354           0 
  355           0 
  356           0 
  357           0 
  358           0 
  359           0 
  360           0 
  361           0 
  362           0 
  363           0 
  364           0 
  365           0 
  366           0 
  367           0 
  368           0 
  369           0 
  370           0 
  371           0 
  372           0 
  373           0 
  374           0 
  375           0 
  376           0 
  377           0 
  378           0 
  379           0 
  380           0 
  381           0 
  382           0 
  383           0 
  384           0 
  385           0 
  386           0 
  387           0 
  388           0 
  389           0 
  390           0 
  391           0 
  392           0 
  393           0 
  394           0 
  395           0 
  396           0 
  397           0 
  398           0 
  399           0 
  400           0 
  401           0 
  402           0 
  403           0 
  404           0 
  405           0 
  406           0 
  407           0 
  408           0 
  409           0 
  410           0 
  411           0 
  412           0 
  413           0 
  414           0 
  415           0 
  416           0 
  417           0 
  418           0 
  419           0 
  420           0 
  421           0 
  422           0 
  423           0 
  424           0 
  425           0 
  426           0 
  427           0 
  428           0 
  429           0 
  430           0 
  431           0 
  432           0 
  433           0 
  434           0 
  435           0 
  436           0 
  437           0 
  438           0 
  439           0 
  440           0 
  441           0 
  442           0 
  443           0 
  444           0 
  445           0 
  446           0 
  447           0 
  448           0 
  449           0 
  450           0 
  451           0 
  452           0 
  453           0 
  454           0 
  455           0 
  456           0 
  457           0 
  458           0 
  459           0 
  460           0 
  461           0 
  462           0 
  463           0 
  464           0 
  465           0 
  466           0 
  467           0 
  468           0 
  469           0 
  470           0 
  471           0 
  472           0 
  473           0 
  474           0 
  475           0 
  476           0 
  477           0 
  478           0 
  479           0 
  480           0 
  481           0 
  482           0 
  483           0 
  484           0 
  485           0 
  486           0 
  487           0 
  488           0 
  489           0 
  490           0 
  491           0 
  492           0 
  493           0 
  494           0 
  495           0 
  496           0 
  497           0 
  498           0 
  499           0 
  500           0 
  501           0 
  502           0 
  503           0 
  504           0 
  505           0 
  506           0 
  507           0 
  508           0 
  509           0 
  510           0 
  511           0 
  512           0 
