    1           0 
    2           0 
    3           0 
    4           0 
    5           0 
    6           0 
    7           0 
    8           0 
    9           0 
   10           0 
   11           0 
   12           0 
   13           1 
   14           0 
   15           2 
   16           1 
   17           0 
   18           1 
   19           0 
   20           1 
   21           1 
   22           1 
   23           0 
   24           0 
   25           0 
   26           1 
   27           0 
   28           2 
   29           1 
   30           1 
   31           1 
   32           2 
   33           2 
   34           2 
   35           6 
   36           9 
   37          14 
   38          17 
   39          17 
   40          28 
   41          34 
   42          44 
   43          51 
   44          39 
   45          49 
   46          61 
   47          46 
   48          55 
   49          53 
   50          40 
   51          36 
   52          38 
   53          18 
   54          14 
   55          14 
   56          17 
   57          24 
   58           9 
   59          18 
   60          12 
   61          11 
   62          14 
   63          16 
   64          13 
   65          10 
   66           3 
   67           5 
   68           5 
   69          11 
   70           5 
   71           5 
   72           9 
   73           3 
   74           3 
   75           4 
   76           1 
   77           3 
   78           3 
   79           5 
   80           3 
   81           4 
   82           4 
   83           2 
   84           2 
   85           5 
   86           5 
   87           2 
   88           1 
   89           1 
   90           1 
   91           3 
   92           2 
   93           2 
   94           1 
   95           5 
   96           3 
   97           6 
   98           2 
   99           1 
  100           4 
  101           1 
  102           1 
  103           1 
  104           0 
  105           2 
  106           1 
  107           0 
  108           3 
  109           0 
  110           1 
  111           1 
  112           1 
  113           4 
  114           3 
  115           4 
  116           1 
  117           0 
  118           1 
  119           1 
  120           2 
  121           1 
  122           0 
  123           0 
  124           1 
  125           2 
  126           4 
  127           1 
  128           1 
  129           2 
  130           0 
  131           2 
  132           0 
  133           2 
  134           2 
  135           1 
  136           0 
  137           0 
  138           1 
  139           2 
  140           1 
  141           2 
  142           0 
  143           1 
  144           0 
  145           3 
  146           1 
  147           2 
  148           1 
  149           1 
  150           4 
  151           1 
  152           0 
  153           0 
  154           1 
  155           1 
  156           0 
  157           1 
  158           1 
  159           0 
  160           0 
  161           1 
  162           2 
  163           0 
  164           0 
  165           0 
  166           0 
  167           0 
  168           0 
  169           1 
  170           0 
  171           1 
  172           0 
  173           1 
  174           0 
  175           1 
  176           1 
  177           1 
  178           0 
  179           2 
  180           0 
  181           0 
  182           1 
  183           0 
  184           1 
  185           0 
  186           1 
  187           1 
  188           1 
  189           0 
  190           0 
  191           0 
  192           1 
  193           0 
  194           0 
  195           0 
  196           0 
  197           0 
  198           0 
  199           1 
  200           0 
  201           0 
  202           1 
  203           0 
  204           0 
  205           0 
  206           2 
  207           1 
  208           0 
  209           1 
  210           0 
  211           2 
  212           0 
  213           0 
  214           0 
  215           0 
  216           2 
  217           0 
  218           0 
  219           0 
  220           3 
  221           1 
  222           0 
  223           0 
  224           1 
  225           2 
  226           1 
  227           0 
  228           1 
  229           0 
  230           0 
  231           0 
  232           0 
  233           0 
  234           0 
  235           0 
  236           0 
  237           0 
  238           0 
  239           0 
  240           0 
  241           1 
  242           1 
  243           0 
  244           1 
  245           0 
  246           1 
  247           0 
  248           1 
  249           1 
  250           0 
  251           0 
  252           0 
  253           0 
  254           0 
  255           0 
  256           1 
  257           0 
  258           0 
  259           0 
  260           0 
  261           0 
  262           0 
  263           0 
  264           0 
  265           0 
  266           0 
  267           0 
  268           1 
  269           1 
  270           1 
  271           1 
  272           0 
  273           0 
  274           0 
  275           0 
  276           0 
  277           0 
  278           0 
  279           0 
  280           0 
  281           0 
  282           0 
  283           0 
  284           0 
  285           0 
  286           0 
  287           0 
  288           0 
  289           0 
  290           0 
  291           1 
  292           0 
  293           0 
  294           0 
  295           0 
  296           0 
  297           2 
  298           0 
  299           0 
  300           1 
  301           1 
  302           0 
  303           0 
  304           0 
  305           0 
  306           1 
  307           0 
  308           0 
  309           1 
  310           0 
  311           0 
  312           0 
  313           0 
  314           0 
  315           0 
  316           2 
  317           0 
  318           0 
  319           0 
  320           0 
  321           0 
  322           0 
  323           0 
  324           0 
  325           0 
  326           0 
  327           0 
  328           1 
  329           0 
  330           0 
  331           0 
  332           0 
  333           0 
  334           0 
  335           1 
  336           0 
  337           0 
  338           0 
  339           0 
  340           0 
  341           0 
  342           0 
  343           0 
  344           0 
  345           0 
  346           0 
  347           0 
  348           1 
  349           0 
  350           0 
  351           0 
  352           1 
  353           1 
  354           0 
  355           0 
  356           1 
  357           0 
  358           0 
  359           1 
  360           0 
  361           1 
  362           0 
  363           1 
  364           0 
  365           0 
  366           0 
  367           0 
  368           1 
  369           1 
  370           1 
  371           0 
  372           1 
  373           0 
  374           0 
  375           0 
  376           0 
  377           0 
  378           0 
  379           0 
  380           0 
  381           0 
  382           0 
  383           0 
  384           0 
  385           0 
  386           1 
  387           0 
  388           0 
  389           0 
  390           0 
  391           0 
  392           0 
  393           0 
  394           1 
  395           0 
  396           1 
  397           0 
  398           0 
  399           0 
  400           0 
  401           0 
  402           0 
  403           0 
  404           1 
  405           0 
  406           0 
  407           0 
  408           1 
  409           0 
  410           1 
  411           0 
  412           0 
  413           0 
  414           0 
  415           0 
  416           1 
  417           0 
  418           0 
  419           0 
  420           1 
  421           0 
  422           1 
  423           0 
  424           0 
  425           0 
  426           0 
  427           0 
  428           0 
  429           1 
  430           0 
  431           0 
  432           0 
  433           0 
  434           0 
  435           0 
  436           0 
  437           0 
  438           0 
  439           1 
  440           0 
  441           1 
  442           0 
  443           0 
  444           1 
  445           0 
  446           0 
  447           0 
  448           0 
  449           0 
  450           1 
  451           0 
  452           0 
  453           0 
  454           0 
  455           0 
  456           0 
  457           0 
  458           0 
  459           0 
  460           0 
  461           0 
  462           1 
  463           1 
  464           0 
  465           1 
  466           0 
  467           0 
  468           1 
  469           0 
  470           0 
  471           1 
  472           1 
  473           0 
  474           1 
  475           0 
  476           0 
  477           1 
  478           1 
  479           0 
  480           0 
  481           0 
  482           0 
  483           0 
  484           0 
  485           0 
  486           0 
  487           1 
  488           0 
  489           1 
  490           0 
  491           0 
  492           0 
  493           0 
  494           0 
  495           0 
  496           0 
  497           0 
  498           0 
  499           0 
  500           0 
  501           0 
  502           0 
  503           0 
  504           0 
  505           0 
  506           0 
  507           0 
  508           0 
  509           0 
  510           0 
  511           0 
  512           0 
