    1           0 
    2           0 
    3           0 
    4           0 
    5           0 
    6           0 
    7           0 
    8           0 
    9           0 
   10           0 
   11           0 
   12           2 
   13           0 
   14           0 
   15           2 
   16           1 
   17           0 
   18           0 
   19           0 
   20           0 
   21           0 
   22           1 
   23           1 
   24           0 
   25           0 
   26           2 
   27           0 
   28           1 
   29           0 
   30           2 
   31           1 
   32           0 
   33           0 
   34           3 
   35           1 
   36           1 
   37           0 
   38           3 
   39           6 
   40           5 
   41          11 
   42          19 
   43          24 
   44          25 
   45          36 
   46          30 
   47          52 
   48          48 
   49          64 
   50          57 
   51          61 
   52          60 
   53          46 
   54          40 
   55          49 
   56          41 
   57          38 
   58          27 
   59          29 
   60          20 
   61          25 
   62          19 
   63          18 
   64          11 
   65          21 
   66          10 
   67          19 
   68          12 
   69          11 
   70           7 
   71           9 
   72          11 
   73           5 
   74          13 
   75           5 
   76           9 
   77           5 
   78           6 
   79           3 
   80           7 
   81           5 
   82           6 
   83           3 
   84           6 
   85           8 
   86           7 
   87          12 
   88           8 
   89           2 
   90           4 
   91           5 
   92           1 
   93           4 
   94           1 
   95           4 
   96           3 
   97           1 
   98           0 
   99           3 
  100           5 
  101           2 
  102           2 
  103           4 
  104           2 
  105           4 
  106           1 
  107           0 
  108           1 
  109           1 
  110           3 
  111           7 
  112           3 
  113           0 
  114           4 
  115           2 
  116           2 
  117           2 
  118           1 
  119           1 
  120           0 
  121           5 
  122           5 
  123           2 
  124           2 
  125           1 
  126           3 
  127           4 
  128           1 
  129           0 
  130           2 
  131           2 
  132           3 
  133           4 
  134           1 
  135           2 
  136           2 
  137           2 
  138           2 
  139           2 
  140           0 
  141           1 
  142           1 
  143           2 
  144           1 
  145           2 
  146           2 
  147           1 
  148           0 
  149           2 
  150           3 
  151           1 
  152           1 
  153           2 
  154           3 
  155           1 
  156           0 
  157           1 
  158           0 
  159           0 
  160           2 
  161           1 
  162           2 
  163           3 
  164           0 
  165           1 
  166           0 
  167           0 
  168           0 
  169           1 
  170           0 
  171           1 
  172           0 
  173           2 
  174           1 
  175           1 
  176           2 
  177           1 
  178           2 
  179           2 
  180           3 
  181           0 
  182           0 
  183           1 
  184           2 
  185           0 
  186           1 
  187           0 
  188           0 
  189           0 
  190           0 
  191           1 
  192           0 
  193           2 
  194           1 
  195           0 
  196           1 
  197           2 
  198           1 
  199           0 
  200           0 
  201           1 
  202           2 
  203           0 
  204           0 
  205           1 
  206           1 
  207           0 
  208           1 
  209           2 
  210           0 
  211           0 
  212           0 
  213           2 
  214           0 
  215           0 
  216           1 
  217           0 
  218           0 
  219           1 
  220           1 
  221           2 
  222           0 
  223           1 
  224           1 
  225           2 
  226           0 
  227           2 
  228           1 
  229           2 
  230           1 
  231           1 
  232           0 
  233           1 
  234           3 
  235           0 
  236           1 
  237           1 
  238           1 
  239           0 
  240           0 
  241           1 
  242           1 
  243           0 
  244           0 
  245           1 
  246           1 
  247           3 
  248           1 
  249           0 
  250           0 
  251           0 
  252           1 
  253           1 
  254           1 
  255           0 
  256           0 
  257           0 
  258           3 
  259           0 
  260           2 
  261           0 
  262           1 
  263           0 
  264           1 
  265           1 
  266           0 
  267           1 
  268           1 
  269           1 
  270           0 
  271           1 
  272           0 
  273           1 
  274           0 
  275           0 
  276           0 
  277           0 
  278           0 
  279           0 
  280           0 
  281           0 
  282           1 
  283           1 
  284           3 
  285           0 
  286           1 
  287           2 
  288           1 
  289           2 
  290           1 
  291           0 
  292           1 
  293           2 
  294           0 
  295           0 
  296           0 
  297           1 
  298           0 
  299           0 
  300           2 
  301           1 
  302           1 
  303           3 
  304           1 
  305           0 
  306           1 
  307           0 
  308           0 
  309           0 
  310           0 
  311           0 
  312           0 
  313           3 
  314           0 
  315           0 
  316           0 
  317           1 
  318           0 
  319           0 
  320           1 
  321           0 
  322           0 
  323           1 
  324           1 
  325           0 
  326           0 
  327           1 
  328           0 
  329           0 
  330           0 
  331           0 
  332           0 
  333           1 
  334           0 
  335           0 
  336           1 
  337           0 
  338           0 
  339           0 
  340           0 
  341           0 
  342           0 
  343           0 
  344           0 
  345           0 
  346           0 
  347           0 
  348           1 
  349           0 
  350           0 
  351           1 
  352           0 
  353           0 
  354           0 
  355           2 
  356           0 
  357           0 
  358           1 
  359           0 
  360           0 
  361           0 
  362           0 
  363           0 
  364           0 
  365           2 
  366           1 
  367           0 
  368           0 
  369           1 
  370           0 
  371           0 
  372           1 
  373           1 
  374           0 
  375           0 
  376           0 
  377           0 
  378           0 
  379           0 
  380           0 
  381           0 
  382           0 
  383           0 
  384           0 
  385           0 
  386           0 
  387           0 
  388           0 
  389           0 
  390           0 
  391           1 
  392           0 
  393           0 
  394           0 
  395           0 
  396           0 
  397           1 
  398           0 
  399           0 
  400           1 
  401           2 
  402           0 
  403           0 
  404           0 
  405           1 
  406           0 
  407           1 
  408           0 
  409           1 
  410           0 
  411           0 
  412           2 
  413           0 
  414           0 
  415           3 
  416           0 
  417           1 
  418           0 
  419           1 
  420           1 
  421           0 
  422           0 
  423           2 
  424           0 
  425           0 
  426           0 
  427           0 
  428           0 
  429           0 
  430           0 
  431           1 
  432           2 
  433           0 
  434           0 
  435           1 
  436           1 
  437           0 
  438           1 
  439           0 
  440           0 
  441           1 
  442           0 
  443           2 
  444           2 
  445           0 
  446           0 
  447           0 
  448           0 
  449           1 
  450           0 
  451           0 
  452           2 
  453           1 
  454           0 
  455           1 
  456           1 
  457           1 
  458           1 
  459           1 
  460           1 
  461           0 
  462           0 
  463           1 
  464           0 
  465           0 
  466           1 
  467           1 
  468           0 
  469           2 
  470           0 
  471           0 
  472           0 
  473           0 
  474           0 
  475           0 
  476           0 
  477           1 
  478           0 
  479           0 
  480           2 
  481           0 
  482           0 
  483           0 
  484           0 
  485           0 
  486           1 
  487           0 
  488           1 
  489           2 
  490           1 
  491           0 
  492           0 
  493           0 
  494           1 
  495           0 
  496           0 
  497           0 
  498           0 
  499           0 
  500           0 
  501           0 
  502           0 
  503           0 
  504           0 
  505           0 
  506           0 
  507           0 
  508           0 
  509           0 
  510           0 
  511           0 
  512           0 
