    1        1700 
    2        1726 
    3        1627 
    4        1563 
    5        1496 
    6        1518 
    7        1614 
    8        1862 
    9        2380 
   10        2959 
   11        3251 
   12        3202 
   13        3034 
   14        2824 
   15        2724 
   16        3000 
   17        3102 
   18        3388 
   19        3830 
   20        4594 
   21        5086 
   22        5990 
   23        6311 
   24        7178 
   25        7704 
   26        8378 
   27        8701 
   28        9020 
   29        9194 
   30        9343 
   31        9312 
   32        9352 
   33        9203 
   34        9257 
   35        9431 
   36        9148 
   37        9028 
   38        9054 
   39        8856 
   40        8717 
   41        8767 
   42        8630 
   43        8641 
   44        8777 
   45        8595 
   46        8489 
   47        8643 
   48        8450 
   49        8564 
   50        8424 
   51        8501 
   52        8687 
   53        8933 
   54        8706 
   55        8759 
   56        8918 
   57        9137 
   58        9128 
   59        9286 
   60        9160 
   61        9364 
   62        9513 
   63        9364 
   64        9504 
   65        9334 
   66        9300 
   67        9266 
   68        9329 
   69        8868 
   70        8831 
   71        8783 
   72        8824 
   73        8640 
   74        8593 
   75        8354 
   76        8380 
   77        8236 
   78        8124 
   79        8040 
   80        7910 
   81        7785 
   82        7678 
   83        7729 
   84        7519 
   85        7368 
   86        7288 
   87        7223 
   88        7074 
   89        6818 
   90        6906 
   91        6616 
   92        6606 
   93        6426 
   94        6229 
   95        6192 
   96        5962 
   97        5924 
   98        5826 
   99        5728 
  100        5412 
  101        5408 
  102        5318 
  103        5219 
  104        5020 
  105        5041 
  106        4915 
  107        4781 
  108        4698 
  109        4616 
  110        4467 
  111        4370 
  112        4232 
  113        4219 
  114        4151 
  115        4018 
  116        3945 
  117        3905 
  118        3761 
  119        3747 
  120        3621 
  121        3566 
  122        3483 
  123        3426 
  124        3449 
  125        3398 
  126        3371 
  127        3206 
  128        3197 
  129        3151 
  130        3053 
  131        3003 
  132        3053 
  133        2940 
  134        2844 
  135        2827 
  136        2777 
  137        2821 
  138        2721 
  139        2746 
  140        2658 
  141        2661 
  142        2554 
  143        2447 
  144        2538 
  145        2441 
  146        2397 
  147        2386 
  148        2281 
  149        2296 
  150        2300 
  151        2239 
  152        2215 
  153        2182 
  154        2191 
  155        2126 
  156        2091 
  157        2044 
  158        2039 
  159        1864 
  160        1953 
  161        1906 
  162        1867 
  163        1895 
  164        1869 
  165        1752 
  166        1849 
  167        1821 
  168        1701 
  169        1722 
  170        1667 
  171        1673 
  172        1665 
  173        1673 
  174        1621 
  175        1510 
  176        1558 
  177        1542 
  178        1556 
  179        1487 
  180        1469 
  181        1396 
  182        1399 
  183        1411 
  184        1320 
  185        1403 
  186        1494 
  187        1345 
  188        1348 
  189        1368 
  190        1304 
  191        1318 
  192        1345 
  193        1285 
  194        1255 
  195        1299 
  196        1290 
  197        1261 
  198        1282 
  199        1269 
  200        1260 
  201        1236 
  202        1280 
  203        1304 
  204        1219 
  205        1233 
  206        1259 
  207        1223 
  208        1218 
  209        1187 
  210        1247 
  211        1234 
  212        1239 
  213        1231 
  214        1173 
  215        1210 
  216        1233 
  217        1212 
  218        1173 
  219        1244 
  220        1189 
  221        1164 
  222        1309 
  223        1158 
  224        1214 
  225        1211 
  226        1219 
  227        1125 
  228        1292 
  229        1219 
  230        1193 
  231        1311 
  232        1227 
  233        1240 
  234        1203 
  235        1249 
  236        1258 
  237        1176 
  238        1238 
  239        1274 
  240        1257 
  241        1273 
  242        1259 
  243        1262 
  244        1302 
  245        1241 
  246        1277 
  247        1248 
  248        1248 
  249        1268 
  250        1273 
  251        1271 
  252        1317 
  253        1263 
  254        1350 
  255        1389 
  256        1347 
  257        1350 
  258        1355 
  259        1393 
  260        1342 
  261        1320 
  262        1375 
  263        1449 
  264        1337 
  265        1442 
  266        1439 
  267        1413 
  268        1415 
  269        1408 
  270        1377 
  271        1421 
  272        1463 
  273        1433 
  274        1374 
  275        1459 
  276        1507 
  277        1539 
  278        1558 
  279        1467 
  280        1532 
  281        1458 
  282        1463 
  283        1466 
  284        1495 
  285        1491 
  286        1383 
  287        1401 
  288        1421 
  289        1465 
  290        1548 
  291        1426 
  292        1447 
  293        1483 
  294        1482 
  295        1426 
  296        1481 
  297        1391 
  298        1373 
  299        1396 
  300        1457 
  301        1427 
  302        1465 
  303        1360 
  304        1313 
  305        1321 
  306        1308 
  307        1271 
  308        1324 
  309        1306 
  310        1274 
  311        1275 
  312        1280 
  313        1220 
  314        1236 
  315        1197 
  316        1138 
  317        1171 
  318        1171 
  319        1110 
  320        1062 
  321        1080 
  322        1052 
  323        1118 
  324        1020 
  325         966 
  326         983 
  327        1024 
  328         906 
  329         956 
  330         898 
  331         916 
  332         863 
  333         838 
  334         832 
  335         802 
  336         793 
  337         827 
  338         735 
  339         742 
  340         765 
  341         745 
  342         691 
  343         718 
  344         729 
  345         691 
  346         694 
  347         608 
  348         623 
  349         617 
  350         606 
  351         571 
  352         531 
  353         540 
  354         581 
  355         585 
  356         522 
  357         538 
  358         532 
  359         478 
  360         453 
  361         472 
  362         479 
  363         450 
  364         436 
  365         380 
  366         431 
  367         435 
  368         379 
  369         384 
  370         352 
  371         379 
  372         366 
  373         326 
  374         357 
  375         351 
  376         348 
  377         360 
  378         297 
  379         307 
  380         311 
  381         254 
  382         283 
  383         282 
  384         255 
  385         280 
  386         270 
  387         253 
  388         237 
  389         247 
  390         245 
  391         231 
  392         236 
  393         229 
  394         193 
  395         218 
  396         215 
  397         222 
  398         181 
  399         207 
  400         198 
  401         171 
  402         185 
  403         191 
  404         199 
  405         174 
  406         186 
  407         176 
  408         179 
  409         148 
  410         143 
  411         137 
  412         162 
  413         167 
  414         136 
  415         148 
  416         149 
  417         148 
  418         119 
  419         126 
  420         120 
  421         127 
  422         130 
  423         121 
  424         133 
  425         110 
  426         109 
  427         105 
  428          98 
  429         119 
  430         118 
  431         114 
  432         118 
  433          98 
  434         107 
  435         103 
  436         105 
  437          95 
  438          94 
  439          70 
  440          97 
  441          68 
  442          85 
  443          77 
  444          78 
  445          92 
  446          91 
  447          83 
  448          72 
  449          85 
  450          70 
  451          79 
  452          62 
  453          79 
  454          71 
  455          63 
  456          66 
  457          60 
  458          65 
  459          58 
  460          63 
  461          73 
  462          59 
  463          71 
  464          63 
  465          58 
  466          52 
  467          59 
  468          48 
  469          53 
  470          59 
  471          50 
  472          44 
  473          45 
  474          52 
  475          44 
  476          44 
  477          38 
  478          41 
  479          50 
  480          37 
  481          41 
  482          54 
  483          38 
  484          38 
  485          19 
  486           0 
  487           0 
  488           0 
  489           0 
  490           0 
  491           0 
  492           0 
  493           0 
  494           0 
  495           0 
  496           0 
  497           0 
  498           0 
  499           0 
  500           0 
  501           0 
  502           0 
  503           0 
  504           0 
  505           0 
  506           0 
  507           0 
  508           0 
  509           0 
  510           0 
  511           0 
  512           0 
