    1           0 
    2           0 
    3           0 
    4           0 
    5           0 
    6           0 
    7           0 
    8           0 
    9           0 
   10           0 
   11           0 
   12           0 
   13           0 
   14           0 
   15           0 
   16           0 
   17           0 
   18           0 
   19           0 
   20           0 
   21           0 
   22           0 
   23           0 
   24           0 
   25           0 
   26           0 
   27           0 
   28           0 
   29           0 
   30           0 
   31           0 
   32           0 
   33           0 
   34           0 
   35           0 
   36           0 
   37           0 
   38           0 
   39           0 
   40           0 
   41           0 
   42           0 
   43           0 
   44           0 
   45           0 
   46           0 
   47           0 
   48           0 
   49           0 
   50           0 
   51           0 
   52           0 
   53           0 
   54           0 
   55           0 
   56           2 
   57           0 
   58           0 
   59           0 
   60           0 
   61           0 
   62           0 
   63           1 
   64           0 
   65           0 
   66           0 
   67           0 
   68           2 
   69           0 
   70           0 
   71           1 
   72           2 
   73           1 
   74           1 
   75           1 
   76           3 
   77           1 
   78           3 
   79           3 
   80           1 
   81           3 
   82           4 
   83           0 
   84           2 
   85           5 
   86           2 
   87           2 
   88           6 
   89           2 
   90           2 
   91           6 
   92           5 
   93           2 
   94           5 
   95           7 
   96          12 
   97           7 
   98          10 
   99           6 
  100           8 
  101           3 
  102          12 
  103           7 
  104           9 
  105          18 
  106          10 
  107          10 
  108          15 
  109          10 
  110          13 
  111          17 
  112          14 
  113          19 
  114          15 
  115          17 
  116          21 
  117          24 
  118          22 
  119          19 
  120          22 
  121          23 
  122          29 
  123          19 
  124          21 
  125          34 
  126          30 
  127          29 
  128          31 
  129          39 
  130          44 
  131          43 
  132          39 
  133          38 
  134          47 
  135          54 
  136          47 
  137          57 
  138          50 
  139          56 
  140          52 
  141          56 
  142          77 
  143          86 
  144          92 
  145          99 
  146          90 
  147          94 
  148         110 
  149         104 
  150         128 
  151         105 
  152         149 
  153         154 
  154         141 
  155         138 
  156         154 
  157         180 
  158         205 
  159         205 
  160         225 
  161         250 
  162         222 
  163         228 
  164         253 
  165         262 
  166         294 
  167         283 
  168         277 
  169         313 
  170         363 
  171         315 
  172         335 
  173         347 
  174         363 
  175         402 
  176         369 
  177         410 
  178         388 
  179         404 
  180         445 
  181         442 
  182         457 
  183         469 
  184         462 
  185         460 
  186         496 
  187         465 
  188         504 
  189         542 
  190         495 
  191         546 
  192         549 
  193         547 
  194         578 
  195         551 
  196         565 
  197         583 
  198         558 
  199         588 
  200         613 
  201         593 
  202         607 
  203         574 
  204         633 
  205         626 
  206         653 
  207         645 
  208         639 
  209         638 
  210         609 
  211         632 
  212         578 
  213         627 
  214         686 
  215         633 
  216         630 
  217         695 
  218         672 
  219         661 
  220         645 
  221         648 
  222         642 
  223         671 
  224         655 
  225         674 
  226         735 
  227         698 
  228         730 
  229         682 
  230         672 
  231         715 
  232         688 
  233         675 
  234         680 
  235         703 
  236         680 
  237         684 
  238         701 
  239         691 
  240         665 
  241         698 
  242         731 
  243         722 
  244         712 
  245         677 
  246         678 
  247         679 
  248         689 
  249         740 
  250         722 
  251         691 
  252         667 
  253         668 
  254         738 
  255         623 
  256         649 
  257         681 
  258         648 
  259         615 
  260         606 
  261         599 
  262         585 
  263         551 
  264         568 
  265         626 
  266         601 
  267         574 
  268         523 
  269         518 
  270         535 
  271         532 
  272         534 
  273         519 
  274         484 
  275         522 
  276         520 
  277         496 
  278         439 
  279         463 
  280         461 
  281         453 
  282         445 
  283         418 
  284         427 
  285         393 
  286         382 
  287         434 
  288         361 
  289         352 
  290         364 
  291         363 
  292         347 
  293         340 
  294         315 
  295         303 
  296         303 
  297         293 
  298         310 
  299         267 
  300         293 
  301         255 
  302         271 
  303         268 
  304         251 
  305         237 
  306         235 
  307         239 
  308         243 
  309         199 
  310         240 
  311         196 
  312         212 
  313         196 
  314         211 
  315         202 
  316         171 
  317         193 
  318         200 
  319         161 
  320         149 
  321         178 
  322         173 
  323         163 
  324         140 
  325         150 
  326         155 
  327         135 
  328         148 
  329         139 
  330         154 
  331         122 
  332         129 
  333         119 
  334         124 
  335         134 
  336         120 
  337         115 
  338         132 
  339         117 
  340         124 
  341          98 
  342          93 
  343         121 
  344          96 
  345         115 
  346          83 
  347          88 
  348          89 
  349          92 
  350          90 
  351          78 
  352          61 
  353          81 
  354          80 
  355          78 
  356          65 
  357          74 
  358          50 
  359          71 
  360          78 
  361          58 
  362          71 
  363          76 
  364          63 
  365          65 
  366          77 
  367          62 
  368          53 
  369          58 
  370          54 
  371          46 
  372          47 
  373          51 
  374          45 
  375          56 
  376          54 
  377          40 
  378          44 
  379          47 
  380          52 
  381          45 
  382          37 
  383          47 
  384          44 
  385          33 
  386          59 
  387          40 
  388          35 
  389          29 
  390          33 
  391          34 
  392          31 
  393          29 
  394          30 
  395          34 
  396          25 
  397          25 
  398          35 
  399          25 
  400          24 
  401          31 
  402          27 
  403          27 
  404          31 
  405          18 
  406          30 
  407          26 
  408          21 
  409          26 
  410          25 
  411          26 
  412          23 
  413          15 
  414          16 
  415          18 
  416          21 
  417          20 
  418          18 
  419          19 
  420          19 
  421          27 
  422          17 
  423          15 
  424          18 
  425          19 
  426          17 
  427          15 
  428          19 
  429          21 
  430           8 
  431          22 
  432          10 
  433          11 
  434          16 
  435          17 
  436          12 
  437           9 
  438          15 
  439           9 
  440          10 
  441           9 
  442          16 
  443           9 
  444           9 
  445          11 
  446          16 
  447           9 
  448           9 
  449           4 
  450           9 
  451           8 
  452          16 
  453           8 
  454           9 
  455           5 
  456          12 
  457           6 
  458           8 
  459           8 
  460           4 
  461           8 
  462          10 
  463           7 
  464          15 
  465           7 
  466           5 
  467           9 
  468           7 
  469           5 
  470           6 
  471           5 
  472           5 
  473           4 
  474           4 
  475           7 
  476           4 
  477          10 
  478           5 
  479           3 
  480           3 
  481           2 
  482           6 
  483           3 
  484           4 
  485           3 
  486           0 
  487           0 
  488           0 
  489           0 
  490           0 
  491           0 
  492           0 
  493           0 
  494           0 
  495           0 
  496           0 
  497           0 
  498           0 
  499           0 
  500           0 
  501           0 
  502           0 
  503           0 
  504           0 
  505           0 
  506           0 
  507           0 
  508           0 
  509           0 
  510           0 
  511           0 
  512           0 
