    1           0 
    2           0 
    3           0 
    4           0 
    5           0 
    6           0 
    7           0 
    8           0 
    9           0 
   10           0 
   11           2 
   12           2 
   13           3 
   14           5 
   15           1 
   16           2 
   17           1 
   18           1 
   19           1 
   20           1 
   21           3 
   22           1 
   23           4 
   24           4 
   25           1 
   26           6 
   27          19 
   28          22 
   29          48 
   30          52 
   31         107 
   32         108 
   33         143 
   34         149 
   35         187 
   36         174 
   37         180 
   38         216 
   39         185 
   40         176 
   41         151 
   42         147 
   43         124 
   44         117 
   45         110 
   46          92 
   47          81 
   48          80 
   49          72 
   50          55 
   51          63 
   52          59 
   53          41 
   54          38 
   55          44 
   56          40 
   57          40 
   58          30 
   59          28 
   60          21 
   61          30 
   62          23 
   63          31 
   64          17 
   65          18 
   66          25 
   67          12 
   68          13 
   69          17 
   70          18 
   71          15 
   72          15 
   73          23 
   74          20 
   75          16 
   76          30 
   77          27 
   78          41 
   79          55 
   80          72 
   81          85 
   82         116 
   83         126 
   84         159 
   85         186 
   86         195 
   87         177 
   88         161 
   89         151 
   90         148 
   91         142 
   92         140 
   93         119 
   94          97 
   95          94 
   96          64 
   97          73 
   98          61 
   99          76 
  100          54 
  101          60 
  102          52 
  103          35 
  104          47 
  105          33 
  106          33 
  107          28 
  108          33 
  109          30 
  110          41 
  111          40 
  112          30 
  113          22 
  114          22 
  115          28 
  116          25 
  117          23 
  118          25 
  119          26 
  120          33 
  121          23 
  122          29 
  123          28 
  124          25 
  125          22 
  126          36 
  127          33 
  128          68 
  129          59 
  130          94 
  131          91 
  132         132 
  133         167 
  134         173 
  135         169 
  136         185 
  137         225 
  138         189 
  139         166 
  140         166 
  141         166 
  142         138 
  143         146 
  144         110 
  145         110 
  146          77 
  147          68 
  148          84 
  149          53 
  150          71 
  151          60 
  152          37 
  153          48 
  154          44 
  155          48 
  156          38 
  157          41 
  158          40 
  159          35 
  160          39 
  161          40 
  162          31 
  163          30 
  164          31 
  165          24 
  166          34 
  167          28 
  168          26 
  169          26 
  170          24 
  171          21 
  172          28 
  173          19 
  174          24 
  175          24 
  176          35 
  177          33 
  178          40 
  179          62 
  180          65 
  181          69 
  182         105 
  183         144 
  184         146 
  185         191 
  186         166 
  187         168 
  188         210 
  189         197 
  190         187 
  191         153 
  192         152 
  193         129 
  194         121 
  195         109 
  196         110 
  197         105 
  198          86 
  199          73 
  200          64 
  201          74 
  202          69 
  203          58 
  204          55 
  205          39 
  206          55 
  207          48 
  208          39 
  209          46 
  210          23 
  211          36 
  212          28 
  213          39 
  214          32 
  215          25 
  216          26 
  217          32 
  218          33 
  219          26 
  220          30 
  221          30 
  222          21 
  223          26 
  224          29 
  225          31 
  226          30 
  227          43 
  228          30 
  229          48 
  230          50 
  231          67 
  232          78 
  233          93 
  234         127 
  235         148 
  236         167 
  237         183 
  238         189 
  239         206 
  240         176 
  241         190 
  242         171 
  243         173 
  244         140 
  245         141 
  246         116 
  247         117 
  248          88 
  249          82 
  250          84 
  251          81 
  252          63 
  253          57 
  254          54 
  255          56 
  256          49 
  257          47 
  258          55 
  259          42 
  260          41 
  261          37 
  262          35 
  263          41 
  264          40 
  265          28 
  266          32 
  267          25 
  268          30 
  269          28 
  270          29 
  271          24 
  272          26 
  273          21 
  274          27 
  275          30 
  276          18 
  277          38 
  278          37 
  279          38 
  280          53 
  281          60 
  282          87 
  283          95 
  284         125 
  285         128 
  286         171 
  287         169 
  288         199 
  289         194 
  290         213 
  291         184 
  292         163 
  293         132 
  294         139 
  295         112 
  296         105 
  297          92 
  298          85 
  299          72 
  300          77 
  301          60 
  302          65 
  303          66 
  304          60 
  305          58 
  306          60 
  307          39 
  308          40 
  309          48 
  310          38 
  311          46 
  312          30 
  313          31 
  314          25 
  315          28 
  316          43 
  317          21 
  318          26 
  319          20 
  320          27 
  321          29 
  322          29 
  323          30 
  324          21 
  325          29 
  326          30 
  327          36 
  328          33 
  329          51 
  330          72 
  331          71 
  332          91 
  333         126 
  334         139 
  335         147 
  336         182 
  337         188 
  338         200 
  339         175 
  340         213 
  341         207 
  342         187 
  343         166 
  344         151 
  345         129 
  346         107 
  347         121 
  348          87 
  349          91 
  350          76 
  351          96 
  352          55 
  353          70 
  354          66 
  355          57 
  356          59 
  357          61 
  358          48 
  359          44 
  360          27 
  361          35 
  362          37 
  363          37 
  364          33 
  365          39 
  366          36 
  367          25 
  368          27 
  369          34 
  370          28 
  371          25 
  372          18 
  373          30 
  374          28 
  375          30 
  376          32 
  377          23 
  378          37 
  379          42 
  380          39 
  381          57 
  382          83 
  383         112 
  384         111 
  385         154 
  386         178 
  387         193 
  388         178 
  389         210 
  390         197 
  391         185 
  392         205 
  393         203 
  394         163 
  395         150 
  396         137 
  397         141 
  398         124 
  399          84 
  400          85 
  401          73 
  402          87 
  403          64 
  404          54 
  405          64 
  406          53 
  407          42 
  408          38 
  409          49 
  410          49 
  411          43 
  412          35 
  413          38 
  414          34 
  415          48 
  416          40 
  417          35 
  418          24 
  419          30 
  420          33 
  421          30 
  422          36 
  423          35 
  424          36 
  425          18 
  426          24 
  427          32 
  428          27 
  429          27 
  430          30 
  431          37 
  432          36 
  433          68 
  434          59 
  435          67 
  436         103 
  437         119 
  438         161 
  439         158 
  440         187 
  441         209 
  442         175 
  443         201 
  444         190 
  445         213 
  446         189 
  447         160 
  448         156 
  449         146 
  450         127 
  451          99 
  452         106 
  453          81 
  454          74 
  455          68 
  456          70 
  457          53 
  458          63 
  459          64 
  460          47 
  461          55 
  462          48 
  463          50 
  464          49 
  465          37 
  466          35 
  467          37 
  468          40 
  469          30 
  470          23 
  471          35 
  472          24 
  473          31 
  474          30 
  475          32 
  476          28 
  477          36 
  478          22 
  479          21 
  480          54 
  481          45 
  482          58 
  483          70 
  484          83 
  485          97 
  486         134 
  487         140 
  488         155 
  489         215 
  490         192 
  491         151 
  492         212 
  493         189 
  494         172 
  495          18 
  496           0 
  497           0 
  498           0 
  499           0 
  500           0 
  501           0 
  502           0 
  503           0 
  504           0 
  505           0 
  506           0 
  507           0 
  508           0 
  509           0 
  510           0 
  511           0 
  512           0 
